<?xml version="1.0" encoding="UTF-8"?>
<!-- Generated by org.testng.reporters.JUnitXMLReporter -->
<testsuite ignored="4" hostname="Dell" failures="0" tests="2" name="Chrome_test" time="88.809" errors="0" timestamp="2022-06-11T09:47:54 IST">
  <testcase classname="com.crm.malifice.campaignTest.CreateCampaignTest" name="createCampaign" time="22.941"/>
  <testcase classname="com.crm.malifice.contactTest.CreateContactTest" name="createContact" time="24.878"/>
  <testcase classname="genericUtility.BaseClass" name="@AfterTest at" time="0.0">
    <ignored/>
  </testcase> <!-- @AfterTest at -->
  <testcase classname="genericUtility.BaseClass" name="@BeforeSuite bs" time="0.0">
    <ignored/>
  </testcase> <!-- @BeforeSuite bs -->
  <testcase classname="genericUtility.BaseClass" name="@BeforeTest bt" time="0.0">
    <ignored/>
  </testcase> <!-- @BeforeTest bt -->
  <testcase classname="genericUtility.BaseClass" name="@AfterSuite as" time="0.0">
    <ignored/>
  </testcase> <!-- @AfterSuite as -->
</testsuite> <!-- Chrome_test -->
